\BOOKMARK [1][-]{section.1}{Introduction}{}% 1
\BOOKMARK [2][-]{subsection.1.1}{Smart Grids}{section.1}% 2
\BOOKMARK [2][-]{subsection.1.2}{Smart Grid Related Research}{section.1}% 3
\BOOKMARK [3][-]{subsubsection.1.2.1}{Social aspects of Smart grids}{subsection.1.2}% 4
\BOOKMARK [3][-]{subsubsection.1.2.2}{Technical aspects of smart grids}{subsection.1.2}% 5
\BOOKMARK [3][-]{subsubsection.1.2.3}{Distributed Approaches to smart grid}{subsection.1.2}% 6
\BOOKMARK [3][-]{subsubsection.1.2.4}{Research Problem}{subsection.1.2}% 7
\BOOKMARK [2][-]{subsection.1.3}{Research Question}{section.1}% 8
\BOOKMARK [3][-]{subsubsection.1.3.1}{Research Approach}{subsection.1.3}% 9
\BOOKMARK [3][-]{subsubsection.1.3.2}{Research methodology}{subsection.1.3}% 10
\BOOKMARK [3][-]{subsubsection.1.3.3}{Addressing Research Question}{subsection.1.3}% 11
\BOOKMARK [2][-]{subsection.1.4}{Research Tools}{section.1}% 12
\BOOKMARK [3][-]{subsubsection.1.4.1}{Powerflow simulation in MATPOWER/PYPOWER}{subsection.1.4}% 13
\BOOKMARK [3][-]{subsubsection.1.4.2}{Multi Agent System}{subsection.1.4}% 14
\BOOKMARK [3][-]{subsubsection.1.4.3}{Artificial Institutions}{subsection.1.4}% 15
\BOOKMARK [3][-]{subsubsection.1.4.4}{Borda count}{subsection.1.4}% 16
\BOOKMARK [3][-]{subsubsection.1.4.5}{k-means Clustering}{subsection.1.4}% 17
\BOOKMARK [2][-]{subsection.1.5}{Stakeholders}{section.1}% 18
\BOOKMARK [2][-]{subsection.1.6}{Why Modeling}{section.1}% 19
\BOOKMARK [2][-]{subsection.1.7}{Model Testbed}{section.1}% 20
\BOOKMARK [2][-]{subsection.1.8}{Tragedy of the Commons in the Simulated Environment}{section.1}% 21
\BOOKMARK [1][-]{section.2}{Model}{}% 22
\BOOKMARK [2][-]{subsection.2.1}{Concept}{section.2}% 23
\BOOKMARK [3][-]{subsubsection.2.1.1}{Model components}{subsection.2.1}% 24
\BOOKMARK [3][-]{subsubsection.2.1.2}{Agent gets up drinks a cup of coffee}{subsection.2.1}% 25
\BOOKMARK [3][-]{subsubsection.2.1.3}{Rules}{subsection.2.1}% 26
\BOOKMARK [3][-]{subsubsection.2.1.4}{Memory}{subsection.2.1}% 27
\BOOKMARK [3][-]{subsubsection.2.1.5}{Voting}{subsection.2.1}% 28
\BOOKMARK [3][-]{subsubsection.2.1.6}{Model assumptions and choices}{subsection.2.1}% 29
\BOOKMARK [2][-]{subsection.2.2}{Implementation}{section.2}% 30
\BOOKMARK [2][-]{subsection.2.3}{Verification}{section.2}% 31
\BOOKMARK [1][-]{section.3}{Experimental}{}% 32
\BOOKMARK [2][-]{subsection.3.1}{Basic setup}{section.3}% 33
\BOOKMARK [3][-]{subsubsection.3.1.1}{Input}{subsection.3.1}% 34
\BOOKMARK [3][-]{subsubsection.3.1.2}{Output}{subsection.3.1}% 35
\BOOKMARK [2][-]{subsection.3.2}{Performance indicators}{section.3}% 36
\BOOKMARK [2][-]{subsection.3.3}{Hypotheses}{section.3}% 37
\BOOKMARK [2][-]{subsection.3.4}{Experiments}{section.3}% 38
\BOOKMARK [3][-]{subsubsection.3.4.1}{Experiment 1}{subsection.3.4}% 39
\BOOKMARK [3][-]{subsubsection.3.4.2}{Experiment 2}{subsection.3.4}% 40
\BOOKMARK [3][-]{subsubsection.3.4.3}{Experiment 3}{subsection.3.4}% 41
\BOOKMARK [3][-]{subsubsection.3.4.4}{Experiment 4}{subsection.3.4}% 42
\BOOKMARK [3][-]{subsubsection.3.4.5}{Experiment 5}{subsection.3.4}% 43
\BOOKMARK [1][-]{section.4}{Results and Discussion}{}% 44
\BOOKMARK [2][-]{subsection.4.1}{First Look}{section.4}% 45
\BOOKMARK [3][-]{subsubsection.4.1.1}{Comparison to uncontrolled scenario}{subsection.4.1}% 46
\BOOKMARK [3][-]{subsubsection.4.1.2}{Comparison with and without an Institutional Rule}{subsection.4.1}% 47
\BOOKMARK [2][-]{subsection.4.2}{Experiments}{section.4}% 48
\BOOKMARK [3][-]{subsubsection.4.2.1}{Experiment 1}{subsection.4.2}% 49
\BOOKMARK [3][-]{subsubsection.4.2.2}{Experiment 2}{subsection.4.2}% 50
\BOOKMARK [3][-]{subsubsection.4.2.3}{Experiment 3}{subsection.4.2}% 51
\BOOKMARK [3][-]{subsubsection.4.2.4}{Experiment 4}{subsection.4.2}% 52
\BOOKMARK [3][-]{subsubsection.4.2.5}{Experiment 5}{subsection.4.2}% 53
\BOOKMARK [2][-]{subsection.4.3}{Summary}{section.4}% 54
\BOOKMARK [1][-]{section.5}{Conclusion}{}% 55
\BOOKMARK [2][-]{subsection.5.1}{Model conclusion \046 Research Questions}{section.5}% 56
\BOOKMARK [2][-]{subsection.5.2}{Real World implementation}{section.5}% 57
\BOOKMARK [2][-]{subsection.5.3}{Distributed Software Agents for resource allocation}{section.5}% 58
\BOOKMARK [1][-]{section.6}{Further Research}{}% 59
\BOOKMARK [1][-]{appendix.A}{PYPOWER Models}{}% 60
\BOOKMARK [2][-]{subsection.A.1}{Physical Representation}{appendix.A}% 61
\BOOKMARK [2][-]{subsection.A.2}{Power Constrain Algorithm}{appendix.A}% 62
\BOOKMARK [1][-]{appendix.B}{Verification}{}% 63
\BOOKMARK [2][-]{subsection.B.1}{Verification of Functions}{appendix.B}% 64
\BOOKMARK [3][-]{subsubsection.B.1.1}{Verification of simple functions}{subsection.B.1}% 65
\BOOKMARK [3][-]{subsubsection.B.1.2}{Verification of interacting functions:}{subsection.B.1}% 66
\BOOKMARK [2][-]{subsection.B.2}{Verification of Pypower model}{appendix.B}% 67
\BOOKMARK [1][-]{appendix.C}{Pseudo Code}{}% 68
\BOOKMARK [1][-]{appendix.D}{Additional Graphs}{}% 69
\BOOKMARK [2][-]{subsection.D.1}{First look}{appendix.D}% 70
\BOOKMARK [2][-]{subsection.D.2}{Experiment 1}{appendix.D}% 71
\BOOKMARK [2][-]{subsection.D.3}{Experiment 2}{appendix.D}% 72
\BOOKMARK [2][-]{subsection.D.4}{Experiment 4}{appendix.D}% 73
\BOOKMARK [2][-]{subsection.D.5}{Experiment 5}{appendix.D}% 74
